<?xml version="1.0" encoding="UTF-8"?>
<!-- Generated by org.testng.reporters.JUnitReportReporter -->
<testsuite skipped="0" hostname="DESKTOP-H73EL99" name="tests.TC004_DeleteLead" tests="2" failures="0" timestamp="02 Sep 2018 14:05:34 GMT" time="48.212" errors="0">
  <testcase name="createLead" time="23.049" classname="tests.TC004_DeleteLead"/>
  <testcase name="createLead" time="25.163" classname="tests.TC004_DeleteLead"/>
</testsuite> <!-- tests.TC004_DeleteLead -->
