<?xml version="1.0" encoding="UTF-8"?>
<!-- Generated by org.testng.reporters.JUnitReportReporter -->
<testsuite skipped="0" hostname="DESKTOP-H73EL99" name="tests.TC002_EditLead" tests="2" failures="0" timestamp="02 Sep 2018 13:55:53 GMT" time="51.129" errors="0">
  <testcase name="createLead" time="25.004" classname="tests.TC002_EditLead"/>
  <testcase name="createLead" time="26.125" classname="tests.TC002_EditLead"/>
</testsuite> <!-- tests.TC002_EditLead -->
