<?xml version="1.0" encoding="UTF-8"?>
<!-- Generated by org.testng.reporters.JUnitReportReporter -->
<testsuite skipped="0" hostname="DESKTOP-H73EL99" name="tests.TC001_CreateLead" tests="2" failures="0" timestamp="15 Sep 2018 06:19:49 GMT" time="83.668" errors="0">
  <testcase name="createLead" time="33.315" classname="tests.TC001_CreateLead"/>
  <testcase name="createLead" time="50.353" classname="tests.TC001_CreateLead"/>
</testsuite> <!-- tests.TC001_CreateLead -->
